<?xml version="1.0" encoding="UTF-8"?>
<testng-results ignored="0" total="1" passed="1" failed="0" skipped="0">
  <reporter-output>
  </reporter-output>
  <suite started-at="2023-04-03T09:43:02 GMT-07:00" name="Default suite" finished-at="2023-04-03T09:43:34 GMT-07:00" duration-ms="31663">
    <groups>
    </groups>
    <test started-at="2023-04-03T09:43:02 GMT-07:00" name="Default test" finished-at="2023-04-03T09:43:34 GMT-07:00" duration-ms="31663">
      <class name="LearnAutomationTest.Sample">
        <test-method signature="LaunchBrowser()[pri:0, instance:LearnAutomationTest.Sample@131774fe]" started-at="2023-04-03T09:43:02 GMT-07:00" name="LaunchBrowser" finished-at="2023-04-03T09:43:34 GMT-07:00" duration-ms="31600" status="PASS">
          <reporter-output>
          </reporter-output>
        </test-method> <!-- LaunchBrowser -->
      </class> <!-- LearnAutomationTest.Sample -->
    </test> <!-- Default test -->
  </suite> <!-- Default suite -->
</testng-results>
